<?xml version="1.0" encoding="UTF-8"?>
<!-- Generated by org.testng.reporters.JUnitXMLReporter -->
<testsuite ignored="0" hostname="DESKTOP-2U16CG4" failures="0" tests="16" name="Testing" time="52.893" errors="0" timestamp="2025-06-04T15:44:18 IST">
  <testcase classname="TestBase.Myinfo_PersonalDetailsTest" name="@BeforeClass Login" time="1.062">
    <failure type="java.lang.AssertionError" message="Login Failed expected [true] but found [false]">
      <![CDATA[java.lang.AssertionError: Login Failed expected [true] but found [false]
at TestBase.Myinfo_PersonalDetailsTest.Login(Myinfo_PersonalDetailsTest.java:31)
at java.base/java.util.ArrayList.forEach(ArrayList.java:1596)
... Removed 26 stack frames]]>
    </failure>
  </testcase> <!-- @BeforeClass Login -->
  <testcase classname="TestBase.BaseTest" name="@AfterClass terminate" time="0.0">
    <skipped/>
  </testcase> <!-- @AfterClass terminate -->
  <testcase classname="TestBase.LoginTest" name="invalidcredentials" time="1.077"/>
  <testcase classname="TestBase.LoginTest" name="invalidusername" time="1.751"/>
  <testcase classname="TestBase.LoginTest" name="invalidpassword" time="1.465"/>
  <testcase classname="TestBase.LoginTest" name="Validcredentials" time="3.629"/>
  <testcase classname="TestBase.Myinfo_PersonalDetailsTest" name="openMyInfo" time="0.0">
    <skipped/>
  </testcase> <!-- openMyInfo -->
  <testcase classname="TestBase.Myinfo_PersonalDetailsTest" name="withoutdetials" time="0.0">
    <skipped/>
  </testcase> <!-- withoutdetials -->
  <testcase classname="TestBase.Myinfo_PersonalDetailsTest" name="Add_Attachment" time="0.0">
    <skipped/>
  </testcase> <!-- Add_Attachment -->
  <testcase classname="TestBase.Myinfo_PersonalDetailsTest" name="FullDetails" time="0.0">
    <skipped/>
  </testcase> <!-- FullDetails -->
  <testcase classname="TestBase.Myinfo_PersonalDetailsTest" name="ClickDownlaodButton" time="0.0">
    <skipped/>
  </testcase> <!-- ClickDownlaodButton -->
  <testcase classname="TestBase.Myinfo_PersonalDetailsTest" name="ClickDeletebutton" time="0.0">
    <skipped/>
  </testcase> <!-- ClickDeletebutton -->
  <testcase classname="TestBase.ProfilepictureTest" name="openMyInfo" time="2.664"/>
  <testcase classname="TestBase.ProfilepictureTest" name="clickonPP" time="0.776"/>
  <testcase classname="TestBase.ProfilepictureTest" name="Clickonaddbutton" time="6.804"/>
  <testcase classname="TestBase.ProfilepictureTest" name="Clickonsavebutton" time="2.295"/>
  <testcase classname="TestBase.LogoutTest" name="click_on_profile_name" time="0.663"/>
  <testcase classname="TestBase.LogoutTest" name="click_on_logout" time="0.329"/>
</testsuite> <!-- Testing -->
