<html>
<head>
<title>TestNG:  Test</title>
<link href="../testng.css" rel="stylesheet" type="text/css" />
<link href="../my-testng.css" rel="stylesheet" type="text/css" />

<style type="text/css">
.log { display: none;} 
.stack-trace { display: none;} 
</style>
<script type="text/javascript">
<!--
function flip(e) {
  current = e.style.display;
  if (current == 'block') {
    e.style.display = 'none';
    return 0;
  }
  else {
    e.style.display = 'block';
    return 1;
  }
}

function toggleBox(szDivId, elem, msg1, msg2)
{
  var res = -1;  if (document.getElementById) {
    res = flip(document.getElementById(szDivId));
  }
  else if (document.all) {
    // this is the way old msie versions work
    res = flip(document.all[szDivId]);
  }
  if(elem) {
    if(res == 0) elem.innerHTML = msg1; else elem.innerHTML = msg2;
  }

}

function toggleAllBoxes() {
  if (document.getElementsByTagName) {
    d = document.getElementsByTagName('div');
    for (i = 0; i < d.length; i++) {
      if (d[i].className == 'log') {
        flip(d[i]);
      }
    }
  }
}

// -->
</script>

</head>
<body>
<h2 align='center'>Test</h2><table border='1' align="center">
<tr>
<td>Tests passed/Failed/Skipped:</td><td>15/1/0</td>
</tr><tr>
<td>Started on:</td><td>Wed Jun 04 17:47:03 IST 2025</td>
</tr>
<tr><td>Total time:</td><td>87 seconds (87320 ms)</td>
</tr><tr>
<td>Included groups:</td><td></td>
</tr><tr>
<td>Excluded groups:</td><td></td>
</tr>
</table><p/>
<small><i>(Hover the method name to see the test class name)</i></small><p/>
<table width='100%' border='1' class='invocation-failed'>
<tr><td colspan='4' align='center'><b>FAILED TESTS</b></td></tr>
<tr><td><b>Test method</b></td>
<td><b>Attribute(s)</b></td>
<td width="30%"><b>Exception</b></td>
<td width="10%"><b>Time (seconds)</b></td>
<td><b>Instance</b></td>
</tr>
<tr>
<td title='TestBase.Myinfo_PersonalDetailsTest.FullDetails()'><b>FullDetails</b><br>Test class: TestBase.Myinfo_PersonalDetailsTest</td>
<td><div><pre>org.openqa.selenium.ElementClickInterceptedException: element click intercepted: Element &lt;span data-v-7ef819fd=&quot;&quot; class=&quot;oxd-radio-input oxd-radio-input--active --label-right oxd-radio-input&quot;&gt;&lt;/span&gt; is not clickable at point (876, 634). Other element would receive the click: &lt;div data-v-d5bfe35b=&quot;&quot; class=&quot;oxd-form-loader&quot;&gt;...&lt;/div&gt;
  (Session info: chrome=137.0.7151.56)
Build info: version: &apos;4.20.0&apos;, revision: &apos;866c76ca80&apos;
System info: os.name: &apos;Windows 11&apos;, os.arch: &apos;amd64&apos;, os.version: &apos;10.0&apos;, java.version: &apos;21.0.6&apos;
Driver info: org.openqa.selenium.chrome.ChromeDriver
Command: [5c0c7494f6bfb6aeb38904ad5bb016e1, clickElement {id=f.B021693FCCE90EECC63254713252ACF4.d.1AA5ED2A06E8DBE56507723F51CE10D1.e.92}]
Capabilities {acceptInsecureCerts: false, browserName: chrome, browserVersion: 137.0.7151.56, chrome: {chromedriverVersion: 137.0.7151.68 (2989ffee9373..., userDataDir: C:\Users\Kanu\AppData\Local...}, fedcm:accounts: true, goog:chromeOptions: {debuggerAddress: localhost:51058}, networkConnectionEnabled: false, pageLoadStrategy: normal, platformName: windows, proxy: Proxy(), se:cdp: ws://localhost:51058/devtoo..., se:cdpVersion: 137.0.7151.56, setWindowRect: true, strictFileInteractability: false, timeouts: {implicit: 0, pageLoad: 300000, script: 30000}, unhandledPromptBehavior: dismiss and notify, webauthn:extension:credBlob: true, webauthn:extension:largeBlob: true, webauthn:extension:minPinLength: true, webauthn:extension:prf: true, webauthn:virtualAuthenticators: true}
Element: [[ChromeDriver: chrome on windows (5c0c7494f6bfb6aeb38904ad5bb016e1)] -&gt; xpath: (//span[contains(@class,&apos;oxd-radio-input--active&apos;)])[1]]
Session ID: 5c0c7494f6bfb6aeb38904ad5bb016e1
	at org.openqa.selenium.remote.ErrorCodec.decode(ErrorCodec.java:167)
	at org.openqa.selenium.remote.codec.w3c.W3CHttpResponseCodec.decode(W3CHttpResponseCodec.java:138)
	at org.openqa.selenium.remote.codec.w3c.W3CHttpResponseCodec.decode(W3CHttpResponseCodec.java:50)
	at org.openqa.selenium.remote.HttpCommandExecutor.execute(HttpCommandExecutor.java:190)
	at org.openqa.selenium.remote.service.DriverCommandExecutor.invokeExecute(DriverCommandExecutor.java:216)
	at org.openqa.selenium.remote.service.DriverCommandExecutor.execute(DriverCommandExecutor.java:174)
	at org.openqa.selenium.remote.RemoteWebDriver.execute(RemoteWebDriver.java:518)
	at org.openqa.selenium.remote.RemoteWebElement.execute(RemoteWebElement.java:223)
	at org.openqa.selenium.remote.RemoteWebElement.click(RemoteWebElement.java:76)
	at org.openqa.selenium.support.pagefactory.internal.LocatingElementHandler.invoke(LocatingElementHandler.java:51)
	at jdk.proxy2/jdk.proxy2.$Proxy12.click(Unknown Source)
	at Page.Myinfo_PersonalDetailsPage.selectGender(Myinfo_PersonalDetailsPage.java:97)
	at TestBase.Myinfo_PersonalDetailsTest.FullDetails(Myinfo_PersonalDetailsTest.java:71)
	at java.base/java.util.ArrayList.forEach(ArrayList.java:1596)
... Removed 30 stack frames</pre></div><a href='#' onClick='toggleBox("stack-trace1219637204", this, "Click to show all stack frames", "Click to hide stack frames")'>Click to show all stack frames</a>
<div class='stack-trace' id='stack-trace1219637204'><pre>org.openqa.selenium.ElementClickInterceptedException: element click intercepted: Element &lt;span data-v-7ef819fd=&quot;&quot; class=&quot;oxd-radio-input oxd-radio-input--active --label-right oxd-radio-input&quot;&gt;&lt;/span&gt; is not clickable at point (876, 634). Other element would receive the click: &lt;div data-v-d5bfe35b=&quot;&quot; class=&quot;oxd-form-loader&quot;&gt;...&lt;/div&gt;
  (Session info: chrome=137.0.7151.56)
Build info: version: &apos;4.20.0&apos;, revision: &apos;866c76ca80&apos;
System info: os.name: &apos;Windows 11&apos;, os.arch: &apos;amd64&apos;, os.version: &apos;10.0&apos;, java.version: &apos;21.0.6&apos;
Driver info: org.openqa.selenium.chrome.ChromeDriver
Command: [5c0c7494f6bfb6aeb38904ad5bb016e1, clickElement {id=f.B021693FCCE90EECC63254713252ACF4.d.1AA5ED2A06E8DBE56507723F51CE10D1.e.92}]
Capabilities {acceptInsecureCerts: false, browserName: chrome, browserVersion: 137.0.7151.56, chrome: {chromedriverVersion: 137.0.7151.68 (2989ffee9373..., userDataDir: C:\Users\Kanu\AppData\Local...}, fedcm:accounts: true, goog:chromeOptions: {debuggerAddress: localhost:51058}, networkConnectionEnabled: false, pageLoadStrategy: normal, platformName: windows, proxy: Proxy(), se:cdp: ws://localhost:51058/devtoo..., se:cdpVersion: 137.0.7151.56, setWindowRect: true, strictFileInteractability: false, timeouts: {implicit: 0, pageLoad: 300000, script: 30000}, unhandledPromptBehavior: dismiss and notify, webauthn:extension:credBlob: true, webauthn:extension:largeBlob: true, webauthn:extension:minPinLength: true, webauthn:extension:prf: true, webauthn:virtualAuthenticators: true}
Element: [[ChromeDriver: chrome on windows (5c0c7494f6bfb6aeb38904ad5bb016e1)] -&gt; xpath: (//span[contains(@class,&apos;oxd-radio-input--active&apos;)])[1]]
Session ID: 5c0c7494f6bfb6aeb38904ad5bb016e1
	at java.base/jdk.internal.reflect.DirectConstructorHandleAccessor.newInstance(DirectConstructorHandleAccessor.java:62)
	at java.base/java.lang.reflect.Constructor.newInstanceWithCaller(Constructor.java:502)
	at java.base/java.lang.reflect.Constructor.newInstance(Constructor.java:486)
	at org.openqa.selenium.remote.ErrorCodec.decode(ErrorCodec.java:167)
	at org.openqa.selenium.remote.codec.w3c.W3CHttpResponseCodec.decode(W3CHttpResponseCodec.java:138)
	at org.openqa.selenium.remote.codec.w3c.W3CHttpResponseCodec.decode(W3CHttpResponseCodec.java:50)
	at org.openqa.selenium.remote.HttpCommandExecutor.execute(HttpCommandExecutor.java:190)
	at org.openqa.selenium.remote.service.DriverCommandExecutor.invokeExecute(DriverCommandExecutor.java:216)
	at org.openqa.selenium.remote.service.DriverCommandExecutor.execute(DriverCommandExecutor.java:174)
	at org.openqa.selenium.remote.RemoteWebDriver.execute(RemoteWebDriver.java:518)
	at org.openqa.selenium.remote.RemoteWebElement.execute(RemoteWebElement.java:223)
	at org.openqa.selenium.remote.RemoteWebElement.click(RemoteWebElement.java:76)
	at java.base/jdk.internal.reflect.DirectMethodHandleAccessor.invoke(DirectMethodHandleAccessor.java:103)
	at java.base/java.lang.reflect.Method.invoke(Method.java:580)
	at org.openqa.selenium.support.pagefactory.internal.LocatingElementHandler.invoke(LocatingElementHandler.java:51)
	at jdk.proxy2/jdk.proxy2.$Proxy12.click(Unknown Source)
	at Page.Myinfo_PersonalDetailsPage.selectGender(Myinfo_PersonalDetailsPage.java:97)
	at TestBase.Myinfo_PersonalDetailsTest.FullDetails(Myinfo_PersonalDetailsTest.java:71)
	at java.base/jdk.internal.reflect.DirectMethodHandleAccessor.invoke(DirectMethodHandleAccessor.java:103)
	at java.base/java.lang.reflect.Method.invoke(Method.java:580)
	at org.testng.internal.invokers.MethodInvocationHelper.invokeMethod(MethodInvocationHelper.java:141)
	at org.testng.internal.invokers.TestInvoker.invokeMethod(TestInvoker.java:687)
	at org.testng.internal.invokers.TestInvoker.invokeTestMethod(TestInvoker.java:230)
	at org.testng.internal.invokers.MethodRunner.runInSequence(MethodRunner.java:63)
	at org.testng.internal.invokers.TestInvoker$MethodInvocationAgent.invoke(TestInvoker.java:995)
	at org.testng.internal.invokers.TestInvoker.invokeTestMethods(TestInvoker.java:203)
	at org.testng.internal.invokers.TestMethodWorker.invokeTestMethods(TestMethodWorker.java:154)
	at org.testng.internal.invokers.TestMethodWorker.run(TestMethodWorker.java:134)
	at java.base/java.util.ArrayList.forEach(ArrayList.java:1596)
	at org.testng.TestRunner.privateRun(TestRunner.java:741)
	at org.testng.TestRunner.run(TestRunner.java:616)
	at org.testng.SuiteRunner.runTest(SuiteRunner.java:421)
	at org.testng.SuiteRunner.runSequentially(SuiteRunner.java:413)
	at org.testng.SuiteRunner.privateRun(SuiteRunner.java:373)
	at org.testng.SuiteRunner.run(SuiteRunner.java:312)
	at org.testng.SuiteRunnerWorker.runSuite(SuiteRunnerWorker.java:52)
	at org.testng.SuiteRunnerWorker.run(SuiteRunnerWorker.java:95)
	at org.testng.TestNG.runSuitesSequentially(TestNG.java:1274)
	at org.testng.TestNG.runSuitesLocally(TestNG.java:1208)
	at org.testng.TestNG.runSuites(TestNG.java:1112)
	at org.testng.TestNG.run(TestNG.java:1079)
	at org.testng.remote.AbstractRemoteTestNG.run(AbstractRemoteTestNG.java:115)
	at org.testng.remote.RemoteTestNG.initAndRun(RemoteTestNG.java:293)
	at org.testng.remote.RemoteTestNG.main(RemoteTestNG.java:91)
</pre></div></td>
<td>2</td>
<td>TestBase.Myinfo_PersonalDetailsTest@4b2bac3f</td></tr>
</table><p>
<table width='100%' border='1' class='invocation-passed'>
<tr><td colspan='4' align='center'><b>PASSED TESTS</b></td></tr>
<tr><td><b>Test method</b></td>
<td><b>Attribute(s)</b></td>
<td width="30%"><b>Exception</b></td>
<td width="10%"><b>Time (seconds)</b></td>
<td><b>Instance</b></td>
</tr>
<tr>
<td title='TestBase.ProfilepictureTest.clickonPP()'><b>clickonPP</b><br>Test class: TestBase.ProfilepictureTest</td>
<td></td>
<td>0</td>
<td>TestBase.ProfilepictureTest@4e08711f</td></tr>
<tr>
<td title='TestBase.Myinfo_PersonalDetailsTest.ClickDeletebutton()'><b>ClickDeletebutton</b><br>Test class: TestBase.Myinfo_PersonalDetailsTest</td>
<td></td>
<td>10</td>
<td>TestBase.Myinfo_PersonalDetailsTest@4b2bac3f</td></tr>
<tr>
<td title='TestBase.LoginTest.invalidpassword()'><b>invalidpassword</b><br>Test class: TestBase.LoginTest</td>
<td></td>
<td>1</td>
<td>TestBase.LoginTest@385c9627</td></tr>
<tr>
<td title='TestBase.LogoutTest.click_on_logout()'><b>click_on_logout</b><br>Test class: TestBase.LogoutTest</td>
<td></td>
<td>0</td>
<td>TestBase.LogoutTest@bcec361</td></tr>
<tr>
<td title='TestBase.Myinfo_PersonalDetailsTest.openMyInfo()'><b>openMyInfo</b><br>Test class: TestBase.Myinfo_PersonalDetailsTest</td>
<td></td>
<td>2</td>
<td>TestBase.Myinfo_PersonalDetailsTest@4b2bac3f</td></tr>
<tr>
<td title='TestBase.Myinfo_PersonalDetailsTest.Add_Attachment()'><b>Add_Attachment</b><br>Test class: TestBase.Myinfo_PersonalDetailsTest</td>
<td></td>
<td>7</td>
<td>TestBase.Myinfo_PersonalDetailsTest@4b2bac3f</td></tr>
<tr>
<td title='TestBase.ProfilepictureTest.Clickonaddbutton()'><b>Clickonaddbutton</b><br>Test class: TestBase.ProfilepictureTest</td>
<td></td>
<td>6</td>
<td>TestBase.ProfilepictureTest@4e08711f</td></tr>
<tr>
<td title='TestBase.ProfilepictureTest.Clickonsavebutton()'><b>Clickonsavebutton</b><br>Test class: TestBase.ProfilepictureTest</td>
<td></td>
<td>2</td>
<td>TestBase.ProfilepictureTest@4e08711f</td></tr>
<tr>
<td title='TestBase.LogoutTest.click_on_profile_name()'><b>click_on_profile_name</b><br>Test class: TestBase.LogoutTest</td>
<td></td>
<td>0</td>
<td>TestBase.LogoutTest@bcec361</td></tr>
<tr>
<td title='TestBase.Myinfo_PersonalDetailsTest.ClickDownlaodButton()'><b>ClickDownlaodButton</b><br>Test class: TestBase.Myinfo_PersonalDetailsTest</td>
<td></td>
<td>2</td>
<td>TestBase.Myinfo_PersonalDetailsTest@4b2bac3f</td></tr>
<tr>
<td title='TestBase.LoginTest.invalidcredentials()'><b>invalidcredentials</b><br>Test class: TestBase.LoginTest</td>
<td></td>
<td>1</td>
<td>TestBase.LoginTest@385c9627</td></tr>
<tr>
<td title='TestBase.Myinfo_PersonalDetailsTest.withoutdetials()'><b>withoutdetials</b><br>Test class: TestBase.Myinfo_PersonalDetailsTest</td>
<td></td>
<td>1</td>
<td>TestBase.Myinfo_PersonalDetailsTest@4b2bac3f</td></tr>
<tr>
<td title='TestBase.ProfilepictureTest.openMyInfo()'><b>openMyInfo</b><br>Test class: TestBase.ProfilepictureTest</td>
<td></td>
<td>2</td>
<td>TestBase.ProfilepictureTest@4e08711f</td></tr>
<tr>
<td title='TestBase.LoginTest.Validcredentials()'><b>Validcredentials</b><br>Test class: TestBase.LoginTest</td>
<td></td>
<td>3</td>
<td>TestBase.LoginTest@385c9627</td></tr>
<tr>
<td title='TestBase.LoginTest.invalidusername()'><b>invalidusername</b><br>Test class: TestBase.LoginTest</td>
<td></td>
<td>2</td>
<td>TestBase.LoginTest@385c9627</td></tr>
</table><p>
</body>
</html>