<?xml version="1.0" encoding="UTF-8"?>
<!-- Generated by org.testng.reporters.JUnitXMLReporter -->
<testsuite ignored="0" hostname="DESKTOP-2U16CG4" failures="1" tests="16" name="Test" time="87.32" errors="0" timestamp="2025-06-04T17:48:31 IST">
  <testcase classname="TestBase.LoginTest" name="invalidcredentials" time="1.214"/>
  <testcase classname="TestBase.LoginTest" name="invalidusername" time="2.739"/>
  <testcase classname="TestBase.LoginTest" name="invalidpassword" time="1.999"/>
  <testcase classname="TestBase.LoginTest" name="Validcredentials" time="3.888"/>
  <testcase classname="TestBase.Myinfo_PersonalDetailsTest" name="openMyInfo" time="2.006"/>
  <testcase classname="TestBase.Myinfo_PersonalDetailsTest" name="withoutdetials" time="1.19"/>
  <testcase classname="TestBase.Myinfo_PersonalDetailsTest" name="Add_Attachment" time="7.008"/>
  <testcase classname="TestBase.Myinfo_PersonalDetailsTest" name="FullDetails" time="2.239">
    <failure type="org.openqa.selenium.ElementClickInterceptedException" message="element click intercepted: Element &amp;lt;span data-v-7ef819fd=&amp;quot;&amp;quot; class=&amp;quot;oxd-radio-input oxd-radio-input--active --label-right oxd-radio-input&amp;quot;&amp;gt;&amp;lt;/span&amp;gt; is not clickable at point (876, 634). Other element would receive the click: &amp;lt;div data-v-d5bfe35b=&amp;quot;&amp;quot; class=&amp;quot;oxd-form-loader&amp;quot;&amp;gt;...&amp;lt;/div&amp;gt;
  (Session info: chrome=137.0.7151.56)
Build info: version: &amp;apos;4.20.0&amp;apos;, revision: &amp;apos;866c76ca80&amp;apos;
System info: os.name: &amp;apos;Windows 11&amp;apos;, os.arch: &amp;apos;amd64&amp;apos;, os.version: &amp;apos;10.0&amp;apos;, java.version: &amp;apos;21.0.6&amp;apos;
Driver info: org.openqa.selenium.chrome.ChromeDriver
Command: [5c0c7494f6bfb6aeb38904ad5bb016e1, clickElement {id=f.B021693FCCE90EECC63254713252ACF4.d.1AA5ED2A06E8DBE56507723F51CE10D1.e.92}]
Capabilities {acceptInsecureCerts: false, browserName: chrome, browserVersion: 137.0.7151.56, chrome: {chromedriverVersion: 137.0.7151.68 (2989ffee9373..., userDataDir: C:\Users\Kanu\AppData\Local...}, fedcm:accounts: true, goog:chromeOptions: {debuggerAddress: localhost:51058}, networkConnectionEnabled: false, pageLoadStrategy: normal, platformName: windows, proxy: Proxy(), se:cdp: ws://localhost:51058/devtoo..., se:cdpVersion: 137.0.7151.56, setWindowRect: true, strictFileInteractability: false, timeouts: {implicit: 0, pageLoad: 300000, script: 30000}, unhandledPromptBehavior: dismiss and notify, webauthn:extension:credBlob: true, webauthn:extension:largeBlob: true, webauthn:extension:minPinLength: true, webauthn:extension:prf: true, webauthn:virtualAuthenticators: true}
Element: [[ChromeDriver: chrome on windows (5c0c7494f6bfb6aeb38904ad5bb016e1)] -&amp;gt; xpath: (//span[contains(@class,&amp;apos;oxd-radio-input--active&amp;apos;)])[1]]
Session ID: 5c0c7494f6bfb6aeb38904ad5bb016e1">
      <![CDATA[org.openqa.selenium.ElementClickInterceptedException: element click intercepted: Element <span data-v-7ef819fd="" class="oxd-radio-input oxd-radio-input--active --label-right oxd-radio-input"></span> is not clickable at point (876, 634). Other element would receive the click: <div data-v-d5bfe35b="" class="oxd-form-loader">...</div>
  (Session info: chrome=137.0.7151.56)
Build info: version: '4.20.0', revision: '866c76ca80'
System info: os.name: 'Windows 11', os.arch: 'amd64', os.version: '10.0', java.version: '21.0.6'
Driver info: org.openqa.selenium.chrome.ChromeDriver
Command: [5c0c7494f6bfb6aeb38904ad5bb016e1, clickElement {id=f.B021693FCCE90EECC63254713252ACF4.d.1AA5ED2A06E8DBE56507723F51CE10D1.e.92}]
Capabilities {acceptInsecureCerts: false, browserName: chrome, browserVersion: 137.0.7151.56, chrome: {chromedriverVersion: 137.0.7151.68 (2989ffee9373..., userDataDir: C:\Users\Kanu\AppData\Local...}, fedcm:accounts: true, goog:chromeOptions: {debuggerAddress: localhost:51058}, networkConnectionEnabled: false, pageLoadStrategy: normal, platformName: windows, proxy: Proxy(), se:cdp: ws://localhost:51058/devtoo..., se:cdpVersion: 137.0.7151.56, setWindowRect: true, strictFileInteractability: false, timeouts: {implicit: 0, pageLoad: 300000, script: 30000}, unhandledPromptBehavior: dismiss and notify, webauthn:extension:credBlob: true, webauthn:extension:largeBlob: true, webauthn:extension:minPinLength: true, webauthn:extension:prf: true, webauthn:virtualAuthenticators: true}
Element: [[ChromeDriver: chrome on windows (5c0c7494f6bfb6aeb38904ad5bb016e1)] -> xpath: (//span[contains(@class,'oxd-radio-input--active')])[1]]
Session ID: 5c0c7494f6bfb6aeb38904ad5bb016e1
at org.openqa.selenium.remote.ErrorCodec.decode(ErrorCodec.java:167)
at org.openqa.selenium.remote.codec.w3c.W3CHttpResponseCodec.decode(W3CHttpResponseCodec.java:138)
at org.openqa.selenium.remote.codec.w3c.W3CHttpResponseCodec.decode(W3CHttpResponseCodec.java:50)
at org.openqa.selenium.remote.HttpCommandExecutor.execute(HttpCommandExecutor.java:190)
at org.openqa.selenium.remote.service.DriverCommandExecutor.invokeExecute(DriverCommandExecutor.java:216)
at org.openqa.selenium.remote.service.DriverCommandExecutor.execute(DriverCommandExecutor.java:174)
at org.openqa.selenium.remote.RemoteWebDriver.execute(RemoteWebDriver.java:518)
at org.openqa.selenium.remote.RemoteWebElement.execute(RemoteWebElement.java:223)
at org.openqa.selenium.remote.RemoteWebElement.click(RemoteWebElement.java:76)
at org.openqa.selenium.support.pagefactory.internal.LocatingElementHandler.invoke(LocatingElementHandler.java:51)
at jdk.proxy2/jdk.proxy2.$Proxy12.click(Unknown Source)
at Page.Myinfo_PersonalDetailsPage.selectGender(Myinfo_PersonalDetailsPage.java:97)
at TestBase.Myinfo_PersonalDetailsTest.FullDetails(Myinfo_PersonalDetailsTest.java:71)
at java.base/java.util.ArrayList.forEach(ArrayList.java:1596)
... Removed 30 stack frames]]>
    </failure>
  </testcase> <!-- FullDetails -->
  <testcase classname="TestBase.Myinfo_PersonalDetailsTest" name="ClickDownlaodButton" time="2.957"/>
  <testcase classname="TestBase.Myinfo_PersonalDetailsTest" name="ClickDeletebutton" time="10.045"/>
  <testcase classname="TestBase.ProfilepictureTest" name="openMyInfo" time="2.012"/>
  <testcase classname="TestBase.ProfilepictureTest" name="clickonPP" time="0.886"/>
  <testcase classname="TestBase.ProfilepictureTest" name="Clickonaddbutton" time="6.818"/>
  <testcase classname="TestBase.ProfilepictureTest" name="Clickonsavebutton" time="2.34"/>
  <testcase classname="TestBase.LogoutTest" name="click_on_profile_name" time="0.22"/>
  <testcase classname="TestBase.LogoutTest" name="click_on_logout" time="0.287"/>
</testsuite> <!-- Test -->
