<?xml version="1.0" encoding="UTF-8"?>
<!-- Generated by org.testng.reporters.JUnitXMLReporter -->
<testsuite ignored="0" hostname="DESKTOP-2U16CG4" failures="1" tests="16" name="Testing" time="68.928" errors="0" timestamp="2025-06-04T15:40:42 IST">
  <testcase classname="TestBase.ProfilepictureTest" name="@BeforeClass Login" time="1.047">
    <failure type="java.lang.AssertionError" message="Login Failed expected [true] but found [false]">
      <![CDATA[java.lang.AssertionError: Login Failed expected [true] but found [false]
at TestBase.ProfilepictureTest.Login(ProfilepictureTest.java:27)
at java.base/java.util.ArrayList.forEach(ArrayList.java:1604)
... Removed 30 stack frames]]>
    </failure>
  </testcase> <!-- @BeforeClass Login -->
  <testcase classname="TestBase.BaseTest" name="@AfterClass terminate" time="0.0">
    <skipped/>
  </testcase> <!-- @AfterClass terminate -->
  <testcase classname="TestBase.LoginTest" name="invalidcredentials" time="1.004"/>
  <testcase classname="TestBase.LoginTest" name="invalidusername" time="1.773"/>
  <testcase classname="TestBase.LoginTest" name="invalidpassword" time="1.535"/>
  <testcase classname="TestBase.LoginTest" name="Validcredentials" time="3.532"/>
  <testcase classname="TestBase.Myinfo_PersonalDetailsTest" name="openMyInfo" time="2.184"/>
  <testcase classname="TestBase.Myinfo_PersonalDetailsTest" name="withoutdetials" time="0.834"/>
  <testcase classname="TestBase.Myinfo_PersonalDetailsTest" name="Add_Attachment" time="6.834"/>
  <testcase classname="TestBase.Myinfo_PersonalDetailsTest" name="FullDetails" time="1.888"/>
  <testcase classname="TestBase.Myinfo_PersonalDetailsTest" name="ClickDownlaodButton" time="1.877"/>
  <testcase classname="TestBase.Myinfo_PersonalDetailsTest" name="ClickDeletebutton" time="15.847">
    <failure type="org.openqa.selenium.TimeoutException" message="Expected condition failed: waiting for element to be clickable: [[ChromeDriver: chrome on windows (ca3181c339cfa9cc630a92a974c4be6a)] -&amp;gt; css selector: .oxd-icon.bi-trash.oxd-button-icon] (tried for 15 second(s) with 500 milliseconds interval)
Build info: version: &amp;apos;4.20.0&amp;apos;, revision: &amp;apos;866c76ca80&amp;apos;
System info: os.name: &amp;apos;Windows 11&amp;apos;, os.arch: &amp;apos;amd64&amp;apos;, os.version: &amp;apos;10.0&amp;apos;, java.version: &amp;apos;24.0.1&amp;apos;
Driver info: org.openqa.selenium.chrome.ChromeDriver
Capabilities {acceptInsecureCerts: false, browserName: chrome, browserVersion: 137.0.7151.56, chrome: {chromedriverVersion: 137.0.7151.68 (2989ffee9373..., userDataDir: C:\Users\Kanu\AppData\Local...}, fedcm:accounts: true, goog:chromeOptions: {debuggerAddress: localhost:50145}, networkConnectionEnabled: false, pageLoadStrategy: normal, platformName: windows, proxy: Proxy(), se:cdp: ws://localhost:50145/devtoo..., se:cdpVersion: 137.0.7151.56, setWindowRect: true, strictFileInteractability: false, timeouts: {implicit: 0, pageLoad: 300000, script: 30000}, unhandledPromptBehavior: dismiss and notify, webauthn:extension:credBlob: true, webauthn:extension:largeBlob: true, webauthn:extension:minPinLength: true, webauthn:extension:prf: true, webauthn:virtualAuthenticators: true}
Session ID: ca3181c339cfa9cc630a92a974c4be6a">
      <![CDATA[org.openqa.selenium.TimeoutException: Expected condition failed: waiting for element to be clickable: [[ChromeDriver: chrome on windows (ca3181c339cfa9cc630a92a974c4be6a)] -> css selector: .oxd-icon.bi-trash.oxd-button-icon] (tried for 15 second(s) with 500 milliseconds interval)
Build info: version: '4.20.0', revision: '866c76ca80'
System info: os.name: 'Windows 11', os.arch: 'amd64', os.version: '10.0', java.version: '24.0.1'
Driver info: org.openqa.selenium.chrome.ChromeDriver
Capabilities {acceptInsecureCerts: false, browserName: chrome, browserVersion: 137.0.7151.56, chrome: {chromedriverVersion: 137.0.7151.68 (2989ffee9373..., userDataDir: C:\Users\Kanu\AppData\Local...}, fedcm:accounts: true, goog:chromeOptions: {debuggerAddress: localhost:50145}, networkConnectionEnabled: false, pageLoadStrategy: normal, platformName: windows, proxy: Proxy(), se:cdp: ws://localhost:50145/devtoo..., se:cdpVersion: 137.0.7151.56, setWindowRect: true, strictFileInteractability: false, timeouts: {implicit: 0, pageLoad: 300000, script: 30000}, unhandledPromptBehavior: dismiss and notify, webauthn:extension:credBlob: true, webauthn:extension:largeBlob: true, webauthn:extension:minPinLength: true, webauthn:extension:prf: true, webauthn:virtualAuthenticators: true}
Session ID: ca3181c339cfa9cc630a92a974c4be6a
at org.openqa.selenium.support.ui.WebDriverWait.timeoutException(WebDriverWait.java:84)
at org.openqa.selenium.support.ui.FluentWait.until(FluentWait.java:228)
at Page.BasePage.waitForClickability(BasePage.java:42)
at Page.Myinfo_PersonalDetailsPage.ClickDeletebutton(Myinfo_PersonalDetailsPage.java:140)
at TestBase.Myinfo_PersonalDetailsTest.ClickDeletebutton(Myinfo_PersonalDetailsTest.java:93)
at java.base/java.util.ArrayList.forEach(ArrayList.java:1604)
... Removed 29 stack frames]]>
    </failure>
  </testcase> <!-- ClickDeletebutton -->
  <testcase classname="TestBase.ProfilepictureTest" name="openMyInfo" time="0.001">
    <skipped/>
  </testcase> <!-- openMyInfo -->
  <testcase classname="TestBase.ProfilepictureTest" name="clickonPP" time="0.0">
    <skipped/>
  </testcase> <!-- clickonPP -->
  <testcase classname="TestBase.ProfilepictureTest" name="Clickonaddbutton" time="0.0">
    <skipped/>
  </testcase> <!-- Clickonaddbutton -->
  <testcase classname="TestBase.ProfilepictureTest" name="Clickonsavebutton" time="0.0">
    <skipped/>
  </testcase> <!-- Clickonsavebutton -->
  <testcase classname="TestBase.LogoutTest" name="click_on_profile_name" time="1.536"/>
  <testcase classname="TestBase.LogoutTest" name="click_on_logout" time="0.457"/>
</testsuite> <!-- Testing -->
